running egg_info
creating ../build/my_robot_description/my_robot_description.egg-info
writing ../build/my_robot_description/my_robot_description.egg-info/PKG-INFO
writing dependency_links to ../build/my_robot_description/my_robot_description.egg-info/dependency_links.txt
writing entry points to ../build/my_robot_description/my_robot_description.egg-info/entry_points.txt
writing requirements to ../build/my_robot_description/my_robot_description.egg-info/requires.txt
writing top-level names to ../build/my_robot_description/my_robot_description.egg-info/top_level.txt
writing manifest file '../build/my_robot_description/my_robot_description.egg-info/SOURCES.txt'
reading manifest file '../build/my_robot_description/my_robot_description.egg-info/SOURCES.txt'
writing manifest file '../build/my_robot_description/my_robot_description.egg-info/SOURCES.txt'
running build
running build_py
creating /home/anessard/ros2_ws/build/my_robot_description/build
creating /home/anessard/ros2_ws/build/my_robot_description/build/lib
creating /home/anessard/ros2_ws/build/my_robot_description/build/lib/my_robot_description
copying my_robot_description/__init__.py -> /home/anessard/ros2_ws/build/my_robot_description/build/lib/my_robot_description
copying my_robot_description/robot_controller.py -> /home/anessard/ros2_ws/build/my_robot_description/build/lib/my_robot_description
running install
running install_lib
creating /home/anessard/ros2_ws/install/my_robot_description/lib/python3.12/site-packages/my_robot_description
copying /home/anessard/ros2_ws/build/my_robot_description/build/lib/my_robot_description/__init__.py -> /home/anessard/ros2_ws/install/my_robot_description/lib/python3.12/site-packages/my_robot_description
copying /home/anessard/ros2_ws/build/my_robot_description/build/lib/my_robot_description/robot_controller.py -> /home/anessard/ros2_ws/install/my_robot_description/lib/python3.12/site-packages/my_robot_description
byte-compiling /home/anessard/ros2_ws/install/my_robot_description/lib/python3.12/site-packages/my_robot_description/__init__.py to __init__.cpython-312.pyc
byte-compiling /home/anessard/ros2_ws/install/my_robot_description/lib/python3.12/site-packages/my_robot_description/robot_controller.py to robot_controller.cpython-312.pyc
running install_data
creating /home/anessard/ros2_ws/install/my_robot_description/share/ament_index
creating /home/anessard/ros2_ws/install/my_robot_description/share/ament_index/resource_index
creating /home/anessard/ros2_ws/install/my_robot_description/share/ament_index/resource_index/packages
copying resource/my_robot_description -> /home/anessard/ros2_ws/install/my_robot_description/share/ament_index/resource_index/packages
copying package.xml -> /home/anessard/ros2_ws/install/my_robot_description/share/my_robot_description
creating /home/anessard/ros2_ws/install/my_robot_description/share/my_robot_description/urdf
creating /home/anessard/ros2_ws/install/my_robot_description/share/my_robot_description/launch
creating /home/anessard/ros2_ws/install/my_robot_description/share/my_robot_description/config
running install_egg_info
Copying ../build/my_robot_description/my_robot_description.egg-info to /home/anessard/ros2_ws/install/my_robot_description/lib/python3.12/site-packages/my_robot_description-1.0.0-py3.12.egg-info
running install_scripts
Installing robot_controller script to /home/anessard/ros2_ws/install/my_robot_description/lib/my_robot_description
writing list of installed files to '/home/anessard/ros2_ws/build/my_robot_description/install.log'
