[0.971s] Invoking command in '/home/anessard/ros2_ws/my_robot_description': DEBUGINFOD_URLS=https://debuginfod.ubuntu.com PYTHONPATH=/home/anessard/ros2_ws/build/my_robot_description/prefix_override:/usr/lib/python3/dist-packages/colcon_core/task/python/colcon_distutils_commands:/home/anessard/ros2_ws/install/my_robot_description/lib/python3.12/site-packages:${PYTHONPATH} /usr/bin/python3 -W ignore:setup.py install is deprecated -W ignore:easy_install command is deprecated setup.py egg_info --egg-base ../build/my_robot_description build --build-base /home/anessard/ros2_ws/build/my_robot_description/build install --record /home/anessard/ros2_ws/build/my_robot_description/install.log --single-version-externally-managed install_data
[1.266s] running egg_info
[1.266s] creating ../build/my_robot_description/my_robot_description.egg-info
[1.286s] writing ../build/my_robot_description/my_robot_description.egg-info/PKG-INFO
[1.286s] writing dependency_links to ../build/my_robot_description/my_robot_description.egg-info/dependency_links.txt
[1.286s] writing entry points to ../build/my_robot_description/my_robot_description.egg-info/entry_points.txt
[1.286s] writing requirements to ../build/my_robot_description/my_robot_description.egg-info/requires.txt
[1.286s] writing top-level names to ../build/my_robot_description/my_robot_description.egg-info/top_level.txt
[1.287s] writing manifest file '../build/my_robot_description/my_robot_description.egg-info/SOURCES.txt'
[1.327s] reading manifest file '../build/my_robot_description/my_robot_description.egg-info/SOURCES.txt'
[1.328s] writing manifest file '../build/my_robot_description/my_robot_description.egg-info/SOURCES.txt'
[1.328s] running build
[1.328s] running build_py
[1.328s] creating /home/anessard/ros2_ws/build/my_robot_description/build
[1.328s] creating /home/anessard/ros2_ws/build/my_robot_description/build/lib
[1.328s] creating /home/anessard/ros2_ws/build/my_robot_description/build/lib/my_robot_description
[1.329s] copying my_robot_description/__init__.py -> /home/anessard/ros2_ws/build/my_robot_description/build/lib/my_robot_description
[1.329s] copying my_robot_description/robot_controller.py -> /home/anessard/ros2_ws/build/my_robot_description/build/lib/my_robot_description
[1.329s] running install
[1.334s] running install_lib
[1.354s] creating /home/anessard/ros2_ws/install/my_robot_description/lib/python3.12/site-packages/my_robot_description
[1.354s] copying /home/anessard/ros2_ws/build/my_robot_description/build/lib/my_robot_description/__init__.py -> /home/anessard/ros2_ws/install/my_robot_description/lib/python3.12/site-packages/my_robot_description
[1.354s] copying /home/anessard/ros2_ws/build/my_robot_description/build/lib/my_robot_description/robot_controller.py -> /home/anessard/ros2_ws/install/my_robot_description/lib/python3.12/site-packages/my_robot_description
[1.355s] byte-compiling /home/anessard/ros2_ws/install/my_robot_description/lib/python3.12/site-packages/my_robot_description/__init__.py to __init__.cpython-312.pyc
[1.355s] byte-compiling /home/anessard/ros2_ws/install/my_robot_description/lib/python3.12/site-packages/my_robot_description/robot_controller.py to robot_controller.cpython-312.pyc
[1.355s] running install_data
[1.355s] creating /home/anessard/ros2_ws/install/my_robot_description/share/ament_index
[1.356s] creating /home/anessard/ros2_ws/install/my_robot_description/share/ament_index/resource_index
[1.356s] creating /home/anessard/ros2_ws/install/my_robot_description/share/ament_index/resource_index/packages
[1.356s] copying resource/my_robot_description -> /home/anessard/ros2_ws/install/my_robot_description/share/ament_index/resource_index/packages
[1.356s] copying package.xml -> /home/anessard/ros2_ws/install/my_robot_description/share/my_robot_description
[1.356s] creating /home/anessard/ros2_ws/install/my_robot_description/share/my_robot_description/urdf
[1.356s] creating /home/anessard/ros2_ws/install/my_robot_description/share/my_robot_description/launch
[1.356s] creating /home/anessard/ros2_ws/install/my_robot_description/share/my_robot_description/config
[1.356s] running install_egg_info
[1.377s] Copying ../build/my_robot_description/my_robot_description.egg-info to /home/anessard/ros2_ws/install/my_robot_description/lib/python3.12/site-packages/my_robot_description-1.0.0-py3.12.egg-info
[1.378s] running install_scripts
[1.506s] Installing robot_controller script to /home/anessard/ros2_ws/install/my_robot_description/lib/my_robot_description
[1.506s] writing list of installed files to '/home/anessard/ros2_ws/build/my_robot_description/install.log'
[1.532s] Invoked command in '/home/anessard/ros2_ws/my_robot_description' returned '0': DEBUGINFOD_URLS=https://debuginfod.ubuntu.com PYTHONPATH=/home/anessard/ros2_ws/build/my_robot_description/prefix_override:/usr/lib/python3/dist-packages/colcon_core/task/python/colcon_distutils_commands:/home/anessard/ros2_ws/install/my_robot_description/lib/python3.12/site-packages:${PYTHONPATH} /usr/bin/python3 -W ignore:setup.py install is deprecated -W ignore:easy_install command is deprecated setup.py egg_info --egg-base ../build/my_robot_description build --build-base /home/anessard/ros2_ws/build/my_robot_description/build install --record /home/anessard/ros2_ws/build/my_robot_description/install.log --single-version-externally-managed install_data
