[0.995s] Invoking command in '/home/anessard/ros2_ws/my_robot_description': DEBUGINFOD_URLS=https://debuginfod.ubuntu.com PYTHONPATH=/home/anessard/ros2_ws/build/my_robot_description/prefix_override:/usr/lib/python3/dist-packages/colcon_core/task/python/colcon_distutils_commands:/home/anessard/ros2_ws/install/my_robot_description/lib/python3.12/site-packages:${PYTHONPATH} /usr/bin/python3 -W ignore:setup.py install is deprecated -W ignore:easy_install command is deprecated setup.py egg_info --egg-base ../build/my_robot_description build --build-base /home/anessard/ros2_ws/build/my_robot_description/build install --record /home/anessard/ros2_ws/build/my_robot_description/install.log --single-version-externally-managed install_data
[1.317s] running egg_info
[1.342s] writing ../build/my_robot_description/my_robot_description.egg-info/PKG-INFO
[1.342s] writing dependency_links to ../build/my_robot_description/my_robot_description.egg-info/dependency_links.txt
[1.343s] writing entry points to ../build/my_robot_description/my_robot_description.egg-info/entry_points.txt
[1.343s] writing requirements to ../build/my_robot_description/my_robot_description.egg-info/requires.txt
[1.343s] writing top-level names to ../build/my_robot_description/my_robot_description.egg-info/top_level.txt
[1.393s] reading manifest file '../build/my_robot_description/my_robot_description.egg-info/SOURCES.txt'
[1.394s] writing manifest file '../build/my_robot_description/my_robot_description.egg-info/SOURCES.txt'
[1.394s] running build
[1.394s] running build_py
[1.394s] copying my_robot_description/robot_controller.py -> /home/anessard/ros2_ws/build/my_robot_description/build/lib/my_robot_description
[1.394s] running install
[1.401s] running install_lib
[1.427s] copying /home/anessard/ros2_ws/build/my_robot_description/build/lib/my_robot_description/robot_controller.py -> /home/anessard/ros2_ws/install/my_robot_description/lib/python3.12/site-packages/my_robot_description
[1.428s] byte-compiling /home/anessard/ros2_ws/install/my_robot_description/lib/python3.12/site-packages/my_robot_description/robot_controller.py to robot_controller.cpython-312.pyc
[1.429s] running install_data
[1.429s] creating /home/anessard/ros2_ws/install/my_robot_description/share/my_robot_description/launch
[1.429s] creating /home/anessard/ros2_ws/install/my_robot_description/share/my_robot_description/config
[1.429s] running install_egg_info
[1.456s] removing '/home/anessard/ros2_ws/install/my_robot_description/lib/python3.12/site-packages/my_robot_description-0.0.0-py3.12.egg-info' (and everything under it)
[1.456s] Copying ../build/my_robot_description/my_robot_description.egg-info to /home/anessard/ros2_ws/install/my_robot_description/lib/python3.12/site-packages/my_robot_description-0.0.0-py3.12.egg-info
[1.457s] running install_scripts
[1.624s] Installing robot_controller script to /home/anessard/ros2_ws/install/my_robot_description/lib/my_robot_description
[1.625s] writing list of installed files to '/home/anessard/ros2_ws/build/my_robot_description/install.log'
[1.658s] Invoked command in '/home/anessard/ros2_ws/my_robot_description' returned '0': DEBUGINFOD_URLS=https://debuginfod.ubuntu.com PYTHONPATH=/home/anessard/ros2_ws/build/my_robot_description/prefix_override:/usr/lib/python3/dist-packages/colcon_core/task/python/colcon_distutils_commands:/home/anessard/ros2_ws/install/my_robot_description/lib/python3.12/site-packages:${PYTHONPATH} /usr/bin/python3 -W ignore:setup.py install is deprecated -W ignore:easy_install command is deprecated setup.py egg_info --egg-base ../build/my_robot_description build --build-base /home/anessard/ros2_ws/build/my_robot_description/build install --record /home/anessard/ros2_ws/build/my_robot_description/install.log --single-version-externally-managed install_data
