[1.114s] Invoking command in '/home/anessard/ros2_ws/my_robot_description': DEBUGINFOD_URLS=https://debuginfod.ubuntu.com PYTHONPATH=/home/anessard/ros2_ws/build/my_robot_description/prefix_override:/usr/lib/python3/dist-packages/colcon_core/task/python/colcon_distutils_commands:/home/anessard/ros2_ws/install/my_robot_description/lib/python3.12/site-packages:${PYTHONPATH} /usr/bin/python3 -W ignore:setup.py install is deprecated -W ignore:easy_install command is deprecated setup.py egg_info --egg-base ../build/my_robot_description build --build-base /home/anessard/ros2_ws/build/my_robot_description/build install --record /home/anessard/ros2_ws/build/my_robot_description/install.log --single-version-externally-managed install_data
[1.440s] running egg_info
[1.466s] writing ../build/my_robot_description/my_robot_description.egg-info/PKG-INFO
[1.466s] writing dependency_links to ../build/my_robot_description/my_robot_description.egg-info/dependency_links.txt
[1.466s] writing entry points to ../build/my_robot_description/my_robot_description.egg-info/entry_points.txt
[1.466s] writing requirements to ../build/my_robot_description/my_robot_description.egg-info/requires.txt
[1.466s] writing top-level names to ../build/my_robot_description/my_robot_description.egg-info/top_level.txt
[1.519s] reading manifest file '../build/my_robot_description/my_robot_description.egg-info/SOURCES.txt'
[1.519s] writing manifest file '../build/my_robot_description/my_robot_description.egg-info/SOURCES.txt'
[1.519s] running build
[1.520s] running build_py
[1.520s] running install
[1.527s] running install_lib
[1.552s] running install_data
[1.553s] running install_egg_info
[1.580s] removing '/home/anessard/ros2_ws/install/my_robot_description/lib/python3.12/site-packages/my_robot_description-0.0.0-py3.12.egg-info' (and everything under it)
[1.580s] Copying ../build/my_robot_description/my_robot_description.egg-info to /home/anessard/ros2_ws/install/my_robot_description/lib/python3.12/site-packages/my_robot_description-0.0.0-py3.12.egg-info
[1.581s] running install_scripts
[1.745s] Installing robot_controller script to /home/anessard/ros2_ws/install/my_robot_description/lib/my_robot_description
[1.746s] writing list of installed files to '/home/anessard/ros2_ws/build/my_robot_description/install.log'
[1.778s] Invoked command in '/home/anessard/ros2_ws/my_robot_description' returned '0': DEBUGINFOD_URLS=https://debuginfod.ubuntu.com PYTHONPATH=/home/anessard/ros2_ws/build/my_robot_description/prefix_override:/usr/lib/python3/dist-packages/colcon_core/task/python/colcon_distutils_commands:/home/anessard/ros2_ws/install/my_robot_description/lib/python3.12/site-packages:${PYTHONPATH} /usr/bin/python3 -W ignore:setup.py install is deprecated -W ignore:easy_install command is deprecated setup.py egg_info --egg-base ../build/my_robot_description build --build-base /home/anessard/ros2_ws/build/my_robot_description/build install --record /home/anessard/ros2_ws/build/my_robot_description/install.log --single-version-externally-managed install_data
