[1.465s] Invoking command in '/home/anessard/ros2_ws/my_robot_description': DEBUGINFOD_URLS=https://debuginfod.ubuntu.com PYTHONPATH=/home/anessard/ros2_ws/build/my_robot_description/prefix_override:/usr/lib/python3/dist-packages/colcon_core/task/python/colcon_distutils_commands:/home/anessard/ros2_ws/install/my_robot_description/lib/python3.12/site-packages:${PYTHONPATH} /usr/bin/python3 -W ignore:setup.py install is deprecated -W ignore:easy_install command is deprecated setup.py egg_info --egg-base ../build/my_robot_description build --build-base /home/anessard/ros2_ws/build/my_robot_description/build install --record /home/anessard/ros2_ws/build/my_robot_description/install.log --single-version-externally-managed install_data
[1.942s] running egg_info
[1.979s] writing ../build/my_robot_description/my_robot_description.egg-info/PKG-INFO
[1.979s] writing dependency_links to ../build/my_robot_description/my_robot_description.egg-info/dependency_links.txt
[1.979s] writing entry points to ../build/my_robot_description/my_robot_description.egg-info/entry_points.txt
[1.979s] writing requirements to ../build/my_robot_description/my_robot_description.egg-info/requires.txt
[1.980s] writing top-level names to ../build/my_robot_description/my_robot_description.egg-info/top_level.txt
[2.055s] reading manifest file '../build/my_robot_description/my_robot_description.egg-info/SOURCES.txt'
[2.056s] writing manifest file '../build/my_robot_description/my_robot_description.egg-info/SOURCES.txt'
[2.056s] running build
[2.057s] running build_py
[2.057s] copying my_robot_description/robot_controller.py -> /home/anessard/ros2_ws/build/my_robot_description/build/lib/my_robot_description
[2.057s] running install
[2.067s] running install_lib
[2.105s] copying /home/anessard/ros2_ws/build/my_robot_description/build/lib/my_robot_description/robot_controller.py -> /home/anessard/ros2_ws/install/my_robot_description/lib/python3.12/site-packages/my_robot_description
[2.105s] byte-compiling /home/anessard/ros2_ws/install/my_robot_description/lib/python3.12/site-packages/my_robot_description/robot_controller.py to robot_controller.cpython-312.pyc
[2.107s] running install_data
[2.107s] copying package.xml -> /home/anessard/ros2_ws/install/my_robot_description/share/my_robot_description
[2.107s] running install_egg_info
[2.146s] Copying ../build/my_robot_description/my_robot_description.egg-info to /home/anessard/ros2_ws/install/my_robot_description/lib/python3.12/site-packages/my_robot_description-1.0.0-py3.12.egg-info
[2.147s] running install_scripts
[2.397s] Installing robot_controller script to /home/anessard/ros2_ws/install/my_robot_description/lib/my_robot_description
[2.397s] Installing simple_controller script to /home/anessard/ros2_ws/install/my_robot_description/lib/my_robot_description
[2.397s] writing list of installed files to '/home/anessard/ros2_ws/build/my_robot_description/install.log'
[2.459s] Invoked command in '/home/anessard/ros2_ws/my_robot_description' returned '0': DEBUGINFOD_URLS=https://debuginfod.ubuntu.com PYTHONPATH=/home/anessard/ros2_ws/build/my_robot_description/prefix_override:/usr/lib/python3/dist-packages/colcon_core/task/python/colcon_distutils_commands:/home/anessard/ros2_ws/install/my_robot_description/lib/python3.12/site-packages:${PYTHONPATH} /usr/bin/python3 -W ignore:setup.py install is deprecated -W ignore:easy_install command is deprecated setup.py egg_info --egg-base ../build/my_robot_description build --build-base /home/anessard/ros2_ws/build/my_robot_description/build install --record /home/anessard/ros2_ws/build/my_robot_description/install.log --single-version-externally-managed install_data
